<?xml version="1.0" encoding="UTF-8"?>
<!-- Generated by org.testng.reporters.JUnitXMLReporter -->
<testsuite hostname="LAPTOP-VO828QCC" ignored="0" name="Default test" tests="3" failures="0" timestamp="12 Oct 2020 04:52:44 GMT" time="27.706" errors="0">
  <testcase name="login" time="0.289" classname="com.mercurytours.page.Run"/>
  <testcase name="Flightbooking" time="4.76" classname="com.mercurytours.page.Run"/>
  <testcase name="finbrokenlinks" time="11.167" classname="com.mercurytours.page.Run"/>
</testsuite> <!-- Default test -->
